#
# There is insufficient memory for the Java Runtime Environment to continue.
# Native memory allocation (mmap) failed to map 65536 bytes for Failed to commit metaspace.
# Possible reasons:
#   The system is out of physical RAM or swap space
#   The process is running with CompressedOops enabled, and the Java Heap may be blocking the growth of the native heap
# Possible solutions:
#   Reduce memory load on the system
#   Increase physical memory or swap space
#   Check if swap backing store is full
#   Decrease Java heap size (-Xmx/-Xms)
#   Decrease number of Java threads
#   Decrease Java thread stack sizes (-Xss)
#   Set larger code cache with -XX:ReservedCodeCacheSize=
#   JVM is running with Unscaled Compressed Oops mode in which the Java heap is
#     placed in the first 4GB address space. The Java Heap base address is the
#     maximum limit for the native heap growth. Please use -XX:HeapBaseMinAddress
#     to set the Java Heap base and to place the Java Heap above 4GB virtual address.
# This output file may be truncated or incomplete.
#
#  Out of Memory Error (virtualSpaceNode.cpp:110), pid=21044, tid=15524
#
# JRE version: Java(TM) SE Runtime Environment (18.0.1.1+2) (build 18.0.1.1+2-6)
# Java VM: Java HotSpot(TM) 64-Bit Server VM (18.0.1.1+2-6, mixed mode, tiered, compressed oops, compressed class ptrs, g1 gc, windows-amd64)
# No core dump will be written. Minidumps are not enabled by default on client versions of Windows
#

---------------  S U M M A R Y ------------

Command Line: -Dfile.encoding=windows-1252 -XX:+ShowCodeDetailsInExceptionMessages BattleTest

Host: AMD Ryzen 7 3700U with Radeon Vega Mobile Gfx  , 8 cores, 5G,  Windows 10 , 64 bit Build 19041 (10.0.19041.2546)
Time: Tue Mar 21 14:35:34 2023 Eastern Daylight Time elapsed time: 0.201199 seconds (0d 0h 0m 0s)

---------------  T H R E A D  ---------------

Current thread (0x0000015bd6bcfac0):  JavaThread "main" [_thread_in_vm, id=15524, stack(0x00000031da600000,0x00000031da700000)]

Stack: [0x00000031da600000,0x00000031da700000]
Native frames: (J=compiled Java code, j=interpreted, Vv=VM code, C=native code)
V  [jvm.dll+0x69887a]
V  [jvm.dll+0x7f38bd]
V  [jvm.dll+0x7f51ce]
V  [jvm.dll+0x7f5883]
V  [jvm.dll+0x25ca3f]
V  [jvm.dll+0x7ef5cb]
V  [jvm.dll+0x63ea76]
V  [jvm.dll+0x63eada]
V  [jvm.dll+0x64135e]
V  [jvm.dll+0x64121e]
V  [jvm.dll+0x63f43e]
V  [jvm.dll+0x649ab7]
V  [jvm.dll+0x202381]
V  [jvm.dll+0x2028b5]
V  [jvm.dll+0x2032ef]
V  [jvm.dll+0x1f8781]
V  [jvm.dll+0x55d685]
V  [jvm.dll+0x209637]
V  [jvm.dll+0x76cf6d]
V  [jvm.dll+0x76e2a6]
V  [jvm.dll+0x76e5d8]
V  [jvm.dll+0x254d46]
V  [jvm.dll+0x3a0d7e]
C  0x0000015bde52b6e4

Java frames: (J=compiled Java code, j=interpreted, Vv=VM code)
j  jdk.internal.org.objectweb.asm.ClassWriter.visitField(ILjava/lang/String;Ljava/lang/String;Ljava/lang/String;Ljava/lang/Object;)Ljdk/internal/org/objectweb/asm/FieldVisitor;+0 java.base@18.0.1.1
j  java.lang.invoke.InvokerBytecodeGenerator.clinit(Ljdk/internal/org/objectweb/asm/ClassWriter;Ljava/lang/String;Ljava/util/List;)V+52 java.base@18.0.1.1
j  java.lang.invoke.InvokerBytecodeGenerator.generateCustomizedCodeBytes()[B+21 java.base@18.0.1.1
j  java.lang.invoke.InvokerBytecodeGenerator.generateCustomizedCode(Ljava/lang/invoke/LambdaForm;Ljava/lang/invoke/MethodType;)Ljava/lang/invoke/MemberName;+27 java.base@18.0.1.1
j  java.lang.invoke.LambdaForm.compileToBytecode()V+69 java.base@18.0.1.1
j  java.lang.invoke.LambdaForm.prepare()V+21 java.base@18.0.1.1
j  java.lang.invoke.MethodHandle.<init>(Ljava/lang/invoke/MethodType;Ljava/lang/invoke/LambdaForm;)V+33 java.base@18.0.1.1
j  java.lang.invoke.BoundMethodHandle.<init>(Ljava/lang/invoke/MethodType;Ljava/lang/invoke/LambdaForm;)V+3 java.base@18.0.1.1
j  java.lang.invoke.BoundMethodHandle$Species_L.<init>(Ljava/lang/invoke/MethodType;Ljava/lang/invoke/LambdaForm;Ljava/lang/Object;)V+3 java.base@18.0.1.1
j  java.lang.invoke.BoundMethodHandle$Species_L.make(Ljava/lang/invoke/MethodType;Ljava/lang/invoke/LambdaForm;Ljava/lang/Object;)Ljava/lang/invoke/BoundMethodHandle;+7 java.base@18.0.1.1
j  java.lang.invoke.BoundMethodHandle.bindSingle(Ljava/lang/invoke/MethodType;Ljava/lang/invoke/LambdaForm;Ljava/lang/Object;)Ljava/lang/invoke/BoundMethodHandle;+3 java.base@18.0.1.1
j  java.lang.invoke.SimpleMethodHandle.copyWithExtendL(Ljava/lang/invoke/MethodType;Ljava/lang/invoke/LambdaForm;Ljava/lang/Object;)Ljava/lang/invoke/BoundMethodHandle;+3 java.base@18.0.1.1
j  java.lang.invoke.LambdaFormEditor.bindArgumentL(Ljava/lang/invoke/BoundMethodHandle;ILjava/lang/Object;)Ljava/lang/invoke/BoundMethodHandle;+55 java.base@18.0.1.1
j  java.lang.invoke.BoundMethodHandle.bindArgumentL(ILjava/lang/Object;)Ljava/lang/invoke/BoundMethodHandle;+7 java.base@18.0.1.1
j  java.lang.invoke.MethodHandle.bindArgumentL(ILjava/lang/Object;)Ljava/lang/invoke/BoundMethodHandle;+6 java.base@18.0.1.1
j  java.lang.invoke.MethodHandle.bindTo(Ljava/lang/Object;)Ljava/lang/invoke/MethodHandle;+15 java.base@18.0.1.1
j  java.lang.invoke.MethodHandles.constant(Ljava/lang/Class;Ljava/lang/Object;)Ljava/lang/invoke/MethodHandle;+84 java.base@18.0.1.1
j  java.lang.invoke.InnerClassLambdaMetafactory.buildCallSite()Ljava/lang/invoke/CallSite;+103 java.base@18.0.1.1
j  java.lang.invoke.LambdaMetafactory.metafactory(Ljava/lang/invoke/MethodHandles$Lookup;Ljava/lang/String;Ljava/lang/invoke/MethodType;Ljava/lang/invoke/MethodType;Ljava/lang/invoke/MethodHandle;Ljava/lang/invoke/MethodType;)Ljava/lang/invoke/CallSite;+67 java.base@18.0.1.1
j  java.lang.invoke.DirectMethodHandle$Holder.invokeStatic(Ljava/lang/Object;Ljava/lang/Object;Ljava/lang/Object;Ljava/lang/Object;Ljava/lang/Object;Ljava/lang/Object;Ljava/lang/Object;)Ljava/lang/Object;+20 java.base@18.0.1.1
j  java.lang.invoke.Invokers$Holder.invokeExact_MT(Ljava/lang/Object;Ljava/lang/Object;Ljava/lang/Object;Ljava/lang/Object;Ljava/lang/Object;Ljava/lang/Object;Ljava/lang/Object;Ljava/lang/Object;)Ljava/lang/Object;+28 java.base@18.0.1.1
j  java.lang.invoke.BootstrapMethodInvoker.invoke(Ljava/lang/Class;Ljava/lang/invoke/MethodHandle;Ljava/lang/String;Ljava/lang/Object;Ljava/lang/Object;Ljava/lang/Class;)Ljava/lang/Object;+319 java.base@18.0.1.1
j  java.lang.invoke.CallSite.makeSite(Ljava/lang/invoke/MethodHandle;Ljava/lang/String;Ljava/lang/invoke/MethodType;Ljava/lang/Object;Ljava/lang/Class;)Ljava/lang/invoke/CallSite;+8 java.base@18.0.1.1
j  java.lang.invoke.MethodHandleNatives.linkCallSiteImpl(Ljava/lang/Class;Ljava/lang/invoke/MethodHandle;Ljava/lang/String;Ljava/lang/invoke/MethodType;Ljava/lang/Object;[Ljava/lang/Object;)Ljava/lang/invoke/MemberName;+6 java.base@18.0.1.1
j  java.lang.invoke.MethodHandleNatives.linkCallSite(Ljava/lang/Object;Ljava/lang/Object;Ljava/lang/Object;Ljava/lang/Object;Ljava/lang/Object;[Ljava/lang/Object;)Ljava/lang/invoke/MemberName;+45 java.base@18.0.1.1
v  ~StubRoutines::call_stub
j  java.util.regex.CharPredicates.forProperty(Ljava/lang/String;Z)Ljava/util/regex/Pattern$CharPredicate;+2693 java.base@18.0.1.1
j  java.util.regex.Pattern.family(ZZ)Ljava/util/regex/Pattern$CharPredicate;+605 java.base@18.0.1.1
j  java.util.regex.Pattern.sequence(Ljava/util/regex/Pattern$Node;)Ljava/util/regex/Pattern$Node;+329 java.base@18.0.1.1
j  java.util.regex.Pattern.expr(Ljava/util/regex/Pattern$Node;)Ljava/util/regex/Pattern$Node;+12 java.base@18.0.1.1
j  java.util.regex.Pattern.compile()V+222 java.base@18.0.1.1
j  java.util.regex.Pattern.<init>(Ljava/lang/String;I)V+108 java.base@18.0.1.1
j  java.util.regex.Pattern.compile(Ljava/lang/String;)Ljava/util/regex/Pattern;+6 java.base@18.0.1.1
j  java.util.Scanner.<clinit>()V+19 java.base@18.0.1.1
v  ~StubRoutines::call_stub
j  BattleTest.main([Ljava/lang/String;)V+0
v  ~StubRoutines::call_stub

---------------  P R O C E S S  ---------------

Threads class SMR info:
_java_thread_list=0x0000015b84535140, length=12, elements={
0x0000015bd6bcfac0, 0x0000015b80189000, 0x0000015b8018c170, 0x0000015b801f2550,
0x0000015b801f3f00, 0x0000015b801f48a0, 0x0000015b801a7c10, 0x0000015b801d1640,
0x0000015b801d2f40, 0x0000015b801fcf80, 0x0000015b84561ec0, 0x0000015b84590660
}

Java Threads: ( => current thread )
=>0x0000015bd6bcfac0 JavaThread "main" [_thread_in_vm, id=15524, stack(0x00000031da600000,0x00000031da700000)]
  0x0000015b80189000 JavaThread "Reference Handler" daemon [_thread_blocked, id=17624, stack(0x00000031dad00000,0x00000031dae00000)]
  0x0000015b8018c170 JavaThread "Finalizer" daemon [_thread_blocked, id=21472, stack(0x00000031dae00000,0x00000031daf00000)]
  0x0000015b801f2550 JavaThread "Signal Dispatcher" daemon [_thread_blocked, id=20796, stack(0x00000031daf00000,0x00000031db000000)]
  0x0000015b801f3f00 JavaThread "Attach Listener" daemon [_thread_blocked, id=17620, stack(0x00000031db000000,0x00000031db100000)]
  0x0000015b801f48a0 JavaThread "Service Thread" daemon [_thread_blocked, id=10304, stack(0x00000031db100000,0x00000031db200000)]
  0x0000015b801a7c10 JavaThread "Monitor Deflation Thread" daemon [_thread_blocked, id=18500, stack(0x00000031db200000,0x00000031db300000)]
  0x0000015b801d1640 JavaThread "C2 CompilerThread0" daemon [_thread_blocked, id=20012, stack(0x00000031db300000,0x00000031db400000)]
  0x0000015b801d2f40 JavaThread "C1 CompilerThread0" daemon [_thread_blocked, id=17364, stack(0x00000031db400000,0x00000031db500000)]
  0x0000015b801fcf80 JavaThread "Sweeper thread" daemon [_thread_blocked, id=148, stack(0x00000031db500000,0x00000031db600000)]
  0x0000015b84561ec0 JavaThread "Notification Thread" daemon [_thread_blocked, id=21084, stack(0x00000031db600000,0x00000031db700000)]
  0x0000015b84590660 JavaThread "Common-Cleaner" daemon [_thread_blocked, id=19380, stack(0x00000031db800000,0x00000031db900000)]

Other Threads:
  0x0000015bd6c3aa40 VMThread "VM Thread" [stack: 0x00000031dac00000,0x00000031dad00000] [id=13944]
  0x0000015b845903f0 WatcherThread "VM Periodic Task Thread" [stack: 0x00000031db700000,0x00000031db800000] [id=19284]
  0x0000015bd6c22340 WorkerThread "GC Thread#0" [stack: 0x00000031da700000,0x00000031da800000] [id=8316]
  0x0000015bd6c2f790 ConcurrentGCThread "G1 Main Marker" [stack: 0x00000031da800000,0x00000031da900000] [id=3720]
  0x0000015bd6c31190 WorkerThread "G1 Conc#0" [stack: 0x00000031da900000,0x00000031daa00000] [id=14844]
  0x0000015bd6c79310 ConcurrentGCThread "G1 Refine#0" [stack: 0x00000031daa00000,0x00000031dab00000] [id=21124]
  0x0000015bd6c79c20 ConcurrentGCThread "G1 Service" [stack: 0x00000031dab00000,0x00000031dac00000] [id=21208]

Threads with active compile tasks:

VM state: not at safepoint (normal execution)

VM Mutex/Monitor currently owned by a thread:  ([mutex/lock_event])
[0x0000015bd6bc8e10] Metaspace_lock - owner thread: 0x0000015bd6bcfac0

Heap address: 0x00000000a1400000, size: 1516 MB, Compressed Oops mode: 32-bit

CDS archive(s) not mapped
Compressed class space mapped at: 0x0000000100000000-0x0000000140000000, reserved size: 1073741824
Narrow klass base: 0x0000000000000000, Narrow klass shift: 3, Narrow klass range: 0x140000000

GC Precious Log:
 CardTable entry size: 512
 Card Set container configuration: InlinePtr #cards 5 size 8 Array Of Cards #cards 12 size 40 Howl #buckets 4 coarsen threshold 1843 Howl Bitmap #cards 512 size 80 coarsen threshold 460 Card regions per heap region 1 cards per card region 2048
 CPUs: 8 total, 8 available
 Memory: 6058M
 Large Page Support: Disabled
 NUMA Support: Disabled
 Compressed Oops: Enabled (32-bit)
 Heap Region Size: 1M
 Heap Min Capacity: 8M
 Heap Initial Capacity: 96M
 Heap Max Capacity: 1516M
 Pre-touch: Disabled
 Parallel Workers: 8
 Concurrent Workers: 2
 Concurrent Refinement Workers: 8
 Periodic GC: Disabled

Heap:
 garbage-first heap   total 98304K, used 1024K [0x00000000a1400000, 0x0000000100000000)
  region size 1024K, 2 young (2048K), 0 survivors (0K)
 Metaspace       used 4911K, committed 5056K, reserved 1114112K
  class space    used 364K, committed 448K, reserved 1048576K

Heap Regions: E=young(eden), S=young(survivor), O=old, HS=humongous(starts), HC=humongous(continues), CS=collection set, F=free, OA=open archive, CA=closed archive, TAMS=top-at-mark-start (previous, next)
|   0|0x00000000a1400000, 0x00000000a1400000, 0x00000000a1500000|  0%| F|  |TAMS 0x00000000a1400000, 0x00000000a1400000| Untracked 
|   1|0x00000000a1500000, 0x00000000a1500000, 0x00000000a1600000|  0%| F|  |TAMS 0x00000000a1500000, 0x00000000a1500000| Untracked 
|   2|0x00000000a1600000, 0x00000000a1600000, 0x00000000a1700000|  0%| F|  |TAMS 0x00000000a1600000, 0x00000000a1600000| Untracked 
|   3|0x00000000a1700000, 0x00000000a1700000, 0x00000000a1800000|  0%| F|  |TAMS 0x00000000a1700000, 0x00000000a1700000| Untracked 
|   4|0x00000000a1800000, 0x00000000a1800000, 0x00000000a1900000|  0%| F|  |TAMS 0x00000000a1800000, 0x00000000a1800000| Untracked 
|   5|0x00000000a1900000, 0x00000000a1900000, 0x00000000a1a00000|  0%| F|  |TAMS 0x00000000a1900000, 0x00000000a1900000| Untracked 
|   6|0x00000000a1a00000, 0x00000000a1a00000, 0x00000000a1b00000|  0%| F|  |TAMS 0x00000000a1a00000, 0x00000000a1a00000| Untracked 
|   7|0x00000000a1b00000, 0x00000000a1b00000, 0x00000000a1c00000|  0%| F|  |TAMS 0x00000000a1b00000, 0x00000000a1b00000| Untracked 
|   8|0x00000000a1c00000, 0x00000000a1c00000, 0x00000000a1d00000|  0%| F|  |TAMS 0x00000000a1c00000, 0x00000000a1c00000| Untracked 
|   9|0x00000000a1d00000, 0x00000000a1d00000, 0x00000000a1e00000|  0%| F|  |TAMS 0x00000000a1d00000, 0x00000000a1d00000| Untracked 
|  10|0x00000000a1e00000, 0x00000000a1e00000, 0x00000000a1f00000|  0%| F|  |TAMS 0x00000000a1e00000, 0x00000000a1e00000| Untracked 
|  11|0x00000000a1f00000, 0x00000000a1f00000, 0x00000000a2000000|  0%| F|  |TAMS 0x00000000a1f00000, 0x00000000a1f00000| Untracked 
|  12|0x00000000a2000000, 0x00000000a2000000, 0x00000000a2100000|  0%| F|  |TAMS 0x00000000a2000000, 0x00000000a2000000| Untracked 
|  13|0x00000000a2100000, 0x00000000a2100000, 0x00000000a2200000|  0%| F|  |TAMS 0x00000000a2100000, 0x00000000a2100000| Untracked 
|  14|0x00000000a2200000, 0x00000000a2200000, 0x00000000a2300000|  0%| F|  |TAMS 0x00000000a2200000, 0x00000000a2200000| Untracked 
|  15|0x00000000a2300000, 0x00000000a2300000, 0x00000000a2400000|  0%| F|  |TAMS 0x00000000a2300000, 0x00000000a2300000| Untracked 
|  16|0x00000000a2400000, 0x00000000a2400000, 0x00000000a2500000|  0%| F|  |TAMS 0x00000000a2400000, 0x00000000a2400000| Untracked 
|  17|0x00000000a2500000, 0x00000000a2500000, 0x00000000a2600000|  0%| F|  |TAMS 0x00000000a2500000, 0x00000000a2500000| Untracked 
|  18|0x00000000a2600000, 0x00000000a2600000, 0x00000000a2700000|  0%| F|  |TAMS 0x00000000a2600000, 0x00000000a2600000| Untracked 
|  19|0x00000000a2700000, 0x00000000a2700000, 0x00000000a2800000|  0%| F|  |TAMS 0x00000000a2700000, 0x00000000a2700000| Untracked 
|  20|0x00000000a2800000, 0x00000000a2800000, 0x00000000a2900000|  0%| F|  |TAMS 0x00000000a2800000, 0x00000000a2800000| Untracked 
|  21|0x00000000a2900000, 0x00000000a2900000, 0x00000000a2a00000|  0%| F|  |TAMS 0x00000000a2900000, 0x00000000a2900000| Untracked 
|  22|0x00000000a2a00000, 0x00000000a2a00000, 0x00000000a2b00000|  0%| F|  |TAMS 0x00000000a2a00000, 0x00000000a2a00000| Untracked 
|  23|0x00000000a2b00000, 0x00000000a2b00000, 0x00000000a2c00000|  0%| F|  |TAMS 0x00000000a2b00000, 0x00000000a2b00000| Untracked 
|  24|0x00000000a2c00000, 0x00000000a2c00000, 0x00000000a2d00000|  0%| F|  |TAMS 0x00000000a2c00000, 0x00000000a2c00000| Untracked 
|  25|0x00000000a2d00000, 0x00000000a2d00000, 0x00000000a2e00000|  0%| F|  |TAMS 0x00000000a2d00000, 0x00000000a2d00000| Untracked 
|  26|0x00000000a2e00000, 0x00000000a2e00000, 0x00000000a2f00000|  0%| F|  |TAMS 0x00000000a2e00000, 0x00000000a2e00000| Untracked 
|  27|0x00000000a2f00000, 0x00000000a2f00000, 0x00000000a3000000|  0%| F|  |TAMS 0x00000000a2f00000, 0x00000000a2f00000| Untracked 
|  28|0x00000000a3000000, 0x00000000a3000000, 0x00000000a3100000|  0%| F|  |TAMS 0x00000000a3000000, 0x00000000a3000000| Untracked 
|  29|0x00000000a3100000, 0x00000000a3100000, 0x00000000a3200000|  0%| F|  |TAMS 0x00000000a3100000, 0x00000000a3100000| Untracked 
|  30|0x00000000a3200000, 0x00000000a3200000, 0x00000000a3300000|  0%| F|  |TAMS 0x00000000a3200000, 0x00000000a3200000| Untracked 
|  31|0x00000000a3300000, 0x00000000a3300000, 0x00000000a3400000|  0%| F|  |TAMS 0x00000000a3300000, 0x00000000a3300000| Untracked 
|  32|0x00000000a3400000, 0x00000000a3400000, 0x00000000a3500000|  0%| F|  |TAMS 0x00000000a3400000, 0x00000000a3400000| Untracked 
|  33|0x00000000a3500000, 0x00000000a3500000, 0x00000000a3600000|  0%| F|  |TAMS 0x00000000a3500000, 0x00000000a3500000| Untracked 
|  34|0x00000000a3600000, 0x00000000a3600000, 0x00000000a3700000|  0%| F|  |TAMS 0x00000000a3600000, 0x00000000a3600000| Untracked 
|  35|0x00000000a3700000, 0x00000000a3700000, 0x00000000a3800000|  0%| F|  |TAMS 0x00000000a3700000, 0x00000000a3700000| Untracked 
|  36|0x00000000a3800000, 0x00000000a3800000, 0x00000000a3900000|  0%| F|  |TAMS 0x00000000a3800000, 0x00000000a3800000| Untracked 
|  37|0x00000000a3900000, 0x00000000a3900000, 0x00000000a3a00000|  0%| F|  |TAMS 0x00000000a3900000, 0x00000000a3900000| Untracked 
|  38|0x00000000a3a00000, 0x00000000a3a00000, 0x00000000a3b00000|  0%| F|  |TAMS 0x00000000a3a00000, 0x00000000a3a00000| Untracked 
|  39|0x00000000a3b00000, 0x00000000a3b00000, 0x00000000a3c00000|  0%| F|  |TAMS 0x00000000a3b00000, 0x00000000a3b00000| Untracked 
|  40|0x00000000a3c00000, 0x00000000a3c00000, 0x00000000a3d00000|  0%| F|  |TAMS 0x00000000a3c00000, 0x00000000a3c00000| Untracked 
|  41|0x00000000a3d00000, 0x00000000a3d00000, 0x00000000a3e00000|  0%| F|  |TAMS 0x00000000a3d00000, 0x00000000a3d00000| Untracked 
|  42|0x00000000a3e00000, 0x00000000a3e00000, 0x00000000a3f00000|  0%| F|  |TAMS 0x00000000a3e00000, 0x00000000a3e00000| Untracked 
|  43|0x00000000a3f00000, 0x00000000a3f00000, 0x00000000a4000000|  0%| F|  |TAMS 0x00000000a3f00000, 0x00000000a3f00000| Untracked 
|  44|0x00000000a4000000, 0x00000000a4000000, 0x00000000a4100000|  0%| F|  |TAMS 0x00000000a4000000, 0x00000000a4000000| Untracked 
|  45|0x00000000a4100000, 0x00000000a4100000, 0x00000000a4200000|  0%| F|  |TAMS 0x00000000a4100000, 0x00000000a4100000| Untracked 
|  46|0x00000000a4200000, 0x00000000a4200000, 0x00000000a4300000|  0%| F|  |TAMS 0x00000000a4200000, 0x00000000a4200000| Untracked 
|  47|0x00000000a4300000, 0x00000000a4300000, 0x00000000a4400000|  0%| F|  |TAMS 0x00000000a4300000, 0x00000000a4300000| Untracked 
|  48|0x00000000a4400000, 0x00000000a4400000, 0x00000000a4500000|  0%| F|  |TAMS 0x00000000a4400000, 0x00000000a4400000| Untracked 
|  49|0x00000000a4500000, 0x00000000a4500000, 0x00000000a4600000|  0%| F|  |TAMS 0x00000000a4500000, 0x00000000a4500000| Untracked 
|  50|0x00000000a4600000, 0x00000000a4600000, 0x00000000a4700000|  0%| F|  |TAMS 0x00000000a4600000, 0x00000000a4600000| Untracked 
|  51|0x00000000a4700000, 0x00000000a4700000, 0x00000000a4800000|  0%| F|  |TAMS 0x00000000a4700000, 0x00000000a4700000| Untracked 
|  52|0x00000000a4800000, 0x00000000a4800000, 0x00000000a4900000|  0%| F|  |TAMS 0x00000000a4800000, 0x00000000a4800000| Untracked 
|  53|0x00000000a4900000, 0x00000000a4900000, 0x00000000a4a00000|  0%| F|  |TAMS 0x00000000a4900000, 0x00000000a4900000| Untracked 
|  54|0x00000000a4a00000, 0x00000000a4a00000, 0x00000000a4b00000|  0%| F|  |TAMS 0x00000000a4a00000, 0x00000000a4a00000| Untracked 
|  55|0x00000000a4b00000, 0x00000000a4b00000, 0x00000000a4c00000|  0%| F|  |TAMS 0x00000000a4b00000, 0x00000000a4b00000| Untracked 
|  56|0x00000000a4c00000, 0x00000000a4c00000, 0x00000000a4d00000|  0%| F|  |TAMS 0x00000000a4c00000, 0x00000000a4c00000| Untracked 
|  57|0x00000000a4d00000, 0x00000000a4d00000, 0x00000000a4e00000|  0%| F|  |TAMS 0x00000000a4d00000, 0x00000000a4d00000| Untracked 
|  58|0x00000000a4e00000, 0x00000000a4e00000, 0x00000000a4f00000|  0%| F|  |TAMS 0x00000000a4e00000, 0x00000000a4e00000| Untracked 
|  59|0x00000000a4f00000, 0x00000000a4f00000, 0x00000000a5000000|  0%| F|  |TAMS 0x00000000a4f00000, 0x00000000a4f00000| Untracked 
|  60|0x00000000a5000000, 0x00000000a5000000, 0x00000000a5100000|  0%| F|  |TAMS 0x00000000a5000000, 0x00000000a5000000| Untracked 
|  61|0x00000000a5100000, 0x00000000a5100000, 0x00000000a5200000|  0%| F|  |TAMS 0x00000000a5100000, 0x00000000a5100000| Untracked 
|  62|0x00000000a5200000, 0x00000000a5200000, 0x00000000a5300000|  0%| F|  |TAMS 0x00000000a5200000, 0x00000000a5200000| Untracked 
|  63|0x00000000a5300000, 0x00000000a5300000, 0x00000000a5400000|  0%| F|  |TAMS 0x00000000a5300000, 0x00000000a5300000| Untracked 
|  64|0x00000000a5400000, 0x00000000a5400000, 0x00000000a5500000|  0%| F|  |TAMS 0x00000000a5400000, 0x00000000a5400000| Untracked 
|  65|0x00000000a5500000, 0x00000000a5500000, 0x00000000a5600000|  0%| F|  |TAMS 0x00000000a5500000, 0x00000000a5500000| Untracked 
|  66|0x00000000a5600000, 0x00000000a5600000, 0x00000000a5700000|  0%| F|  |TAMS 0x00000000a5600000, 0x00000000a5600000| Untracked 
|  67|0x00000000a5700000, 0x00000000a5700000, 0x00000000a5800000|  0%| F|  |TAMS 0x00000000a5700000, 0x00000000a5700000| Untracked 
|  68|0x00000000a5800000, 0x00000000a5800000, 0x00000000a5900000|  0%| F|  |TAMS 0x00000000a5800000, 0x00000000a5800000| Untracked 
|  69|0x00000000a5900000, 0x00000000a5900000, 0x00000000a5a00000|  0%| F|  |TAMS 0x00000000a5900000, 0x00000000a5900000| Untracked 
|  70|0x00000000a5a00000, 0x00000000a5a00000, 0x00000000a5b00000|  0%| F|  |TAMS 0x00000000a5a00000, 0x00000000a5a00000| Untracked 
|  71|0x00000000a5b00000, 0x00000000a5b00000, 0x00000000a5c00000|  0%| F|  |TAMS 0x00000000a5b00000, 0x00000000a5b00000| Untracked 
|  72|0x00000000a5c00000, 0x00000000a5c00000, 0x00000000a5d00000|  0%| F|  |TAMS 0x00000000a5c00000, 0x00000000a5c00000| Untracked 
|  73|0x00000000a5d00000, 0x00000000a5d00000, 0x00000000a5e00000|  0%| F|  |TAMS 0x00000000a5d00000, 0x00000000a5d00000| Untracked 
|  74|0x00000000a5e00000, 0x00000000a5e00000, 0x00000000a5f00000|  0%| F|  |TAMS 0x00000000a5e00000, 0x00000000a5e00000| Untracked 
|  75|0x00000000a5f00000, 0x00000000a5f00000, 0x00000000a6000000|  0%| F|  |TAMS 0x00000000a5f00000, 0x00000000a5f00000| Untracked 
|  76|0x00000000a6000000, 0x00000000a6000000, 0x00000000a6100000|  0%| F|  |TAMS 0x00000000a6000000, 0x00000000a6000000| Untracked 
|  77|0x00000000a6100000, 0x00000000a6100000, 0x00000000a6200000|  0%| F|  |TAMS 0x00000000a6100000, 0x00000000a6100000| Untracked 
|  78|0x00000000a6200000, 0x00000000a6200000, 0x00000000a6300000|  0%| F|  |TAMS 0x00000000a6200000, 0x00000000a6200000| Untracked 
|  79|0x00000000a6300000, 0x00000000a6300000, 0x00000000a6400000|  0%| F|  |TAMS 0x00000000a6300000, 0x00000000a6300000| Untracked 
|  80|0x00000000a6400000, 0x00000000a6400000, 0x00000000a6500000|  0%| F|  |TAMS 0x00000000a6400000, 0x00000000a6400000| Untracked 
|  81|0x00000000a6500000, 0x00000000a6500000, 0x00000000a6600000|  0%| F|  |TAMS 0x00000000a6500000, 0x00000000a6500000| Untracked 
|  82|0x00000000a6600000, 0x00000000a6600000, 0x00000000a6700000|  0%| F|  |TAMS 0x00000000a6600000, 0x00000000a6600000| Untracked 
|  83|0x00000000a6700000, 0x00000000a6700000, 0x00000000a6800000|  0%| F|  |TAMS 0x00000000a6700000, 0x00000000a6700000| Untracked 
|  84|0x00000000a6800000, 0x00000000a6800000, 0x00000000a6900000|  0%| F|  |TAMS 0x00000000a6800000, 0x00000000a6800000| Untracked 
|  85|0x00000000a6900000, 0x00000000a6900000, 0x00000000a6a00000|  0%| F|  |TAMS 0x00000000a6900000, 0x00000000a6900000| Untracked 
|  86|0x00000000a6a00000, 0x00000000a6a00000, 0x00000000a6b00000|  0%| F|  |TAMS 0x00000000a6a00000, 0x00000000a6a00000| Untracked 
|  87|0x00000000a6b00000, 0x00000000a6b00000, 0x00000000a6c00000|  0%| F|  |TAMS 0x00000000a6b00000, 0x00000000a6b00000| Untracked 
|  88|0x00000000a6c00000, 0x00000000a6c00000, 0x00000000a6d00000|  0%| F|  |TAMS 0x00000000a6c00000, 0x00000000a6c00000| Untracked 
|  89|0x00000000a6d00000, 0x00000000a6d00000, 0x00000000a6e00000|  0%| F|  |TAMS 0x00000000a6d00000, 0x00000000a6d00000| Untracked 
|  90|0x00000000a6e00000, 0x00000000a6e00000, 0x00000000a6f00000|  0%| F|  |TAMS 0x00000000a6e00000, 0x00000000a6e00000| Untracked 
|  91|0x00000000a6f00000, 0x00000000a6f00000, 0x00000000a7000000|  0%| F|  |TAMS 0x00000000a6f00000, 0x00000000a6f00000| Untracked 
|  92|0x00000000a7000000, 0x00000000a7000000, 0x00000000a7100000|  0%| F|  |TAMS 0x00000000a7000000, 0x00000000a7000000| Untracked 
|  93|0x00000000a7100000, 0x00000000a7100000, 0x00000000a7200000|  0%| F|  |TAMS 0x00000000a7100000, 0x00000000a7100000| Untracked 
|  94|0x00000000a7200000, 0x00000000a7276460, 0x00000000a7300000| 46%| E|  |TAMS 0x00000000a7200000, 0x00000000a7200000| Complete 
|  95|0x00000000a7300000, 0x00000000a7400000, 0x00000000a7400000|100%| E|CS|TAMS 0x00000000a7300000, 0x00000000a7300000| Complete 

Card table byte_map: [0x0000015bedb40000,0x0000015bede40000] _byte_map_base: 0x0000015bed636000

Marking Bits (Prev, Next): (CMBitMap*) 0x0000015bd6c22940, (CMBitMap*) 0x0000015bd6c22980
 Prev Bits: [0x0000015bee140000, 0x0000015bef8f0000)
 Next Bits: [0x0000015bef8f0000, 0x0000015bf10a0000)

Polling page: 0x0000015bd63a0000

Metaspace:

Usage:
  Non-class:      4.44 MB used.
      Class:    364.92 KB used.
       Both:      4.80 MB used.

Virtual space:
  Non-class space:       64.00 MB reserved,       4.50 MB (  7%) committed,  1 nodes.
      Class space:        1.00 GB reserved,     448.00 KB ( <1%) committed,  1 nodes.
             Both:        1.06 GB reserved,       4.94 MB ( <1%) committed. 

Chunk freelists:
   Non-Class:  3.00 MB
       Class:  3.62 MB
        Both:  6.62 MB

MaxMetaspaceSize: unlimited
CompressedClassSpaceSize: 1.00 GB
Initial GC threshold: 21.00 MB
Current GC threshold: 21.00 MB
CDS: off
MetaspaceReclaimPolicy: balanced
 - commit_granule_bytes: 65536.
 - commit_granule_words: 8192.
 - virtual_space_node_default_size: 8388608.
 - enlarge_chunks_in_place: 1.
 - new_chunks_are_fully_committed: 0.
 - uncommit_free_chunks: 1.
 - use_allocation_guard: 0.


Internal statistics:

num_allocs_failed_limit: 0.
num_arena_births: 4.
num_arena_deaths: 0.
num_vsnodes_births: 2.
num_vsnodes_deaths: 0.
num_space_committed: 79.
num_space_uncommitted: 0.
num_chunks_returned_to_freelist: 0.
num_chunks_taken_from_freelist: 7.
num_chunk_merges: 0.
num_chunk_splits: 2.
num_chunks_enlarged: 0.
num_inconsistent_stats: 0.

CodeHeap 'non-profiled nmethods': size=120000Kb used=23Kb max_used=23Kb free=119976Kb
 bounds [0x0000015be5fe0000, 0x0000015be6250000, 0x0000015bed510000]
CodeHeap 'profiled nmethods': size=120000Kb used=93Kb max_used=93Kb free=119906Kb
 bounds [0x0000015bdeab0000, 0x0000015bded20000, 0x0000015be5fe0000]
CodeHeap 'non-nmethods': size=5760Kb used=1084Kb max_used=1098Kb free=4675Kb
 bounds [0x0000015bde510000, 0x0000015bde780000, 0x0000015bdeab0000]
 total_blobs=425 nmethods=84 adapters=254
 compilation: enabled
              stopped_count=0, restarted_count=0
 full_count=0

Compilation events (20 events):
Event: 0.154 Thread 0x0000015b801d2f40 nmethod 64 0x0000015bdeac4290 code [0x0000015bdeac4460, 0x0000015bdeac4748]
Event: 0.160 Thread 0x0000015b801d2f40   65       3       java.lang.AbstractStringBuilder::ensureCapacityInternal (39 bytes)
Event: 0.161 Thread 0x0000015b801d2f40 nmethod 65 0x0000015bdeac4890 code [0x0000015bdeac4a40, 0x0000015bdeac4c78]
Event: 0.161 Thread 0x0000015b801d2f40   66       3       java.util.HashMap::resize (356 bytes)
Event: 0.162 Thread 0x0000015b801d2f40 nmethod 66 0x0000015bdeac4d90 code [0x0000015bdeac5040, 0x0000015bdeac6488]
Event: 0.166 Thread 0x0000015b801d2f40   67       3       java.lang.String::isEmpty (14 bytes)
Event: 0.166 Thread 0x0000015b801d2f40 nmethod 67 0x0000015bdeac6910 code [0x0000015bdeac6aa0, 0x0000015bdeac6c18]
Event: 0.171 Thread 0x0000015b801d2f40   68       3       java.lang.StringLatin1::canEncode (13 bytes)
Event: 0.171 Thread 0x0000015b801d2f40 nmethod 68 0x0000015bdeac6d10 code [0x0000015bdeac6ea0, 0x0000015bdeac6ff8]
Event: 0.179 Thread 0x0000015b801d2f40   71       1       java.lang.module.ModuleDescriptor::isOpen (5 bytes)
Event: 0.179 Thread 0x0000015b801d2f40 nmethod 71 0x0000015be5fe3790 code [0x0000015be5fe3920, 0x0000015be5fe39f8]
Event: 0.181 Thread 0x0000015b801d2f40   74       1       java.lang.Enum::ordinal (5 bytes)
Event: 0.181 Thread 0x0000015b801d2f40 nmethod 74 0x0000015be5fe4090 code [0x0000015be5fe4220, 0x0000015be5fe42f8]
Event: 0.190 Thread 0x0000015b801d2f40   75       3       java.lang.Math::min (11 bytes)
Event: 0.190 Thread 0x0000015b801d2f40 nmethod 75 0x0000015bdeac7090 code [0x0000015bdeac7220, 0x0000015bdeac7358]
Event: 0.195 Thread 0x0000015b801d2f40   81       1       java.lang.invoke.MethodType::returnType (5 bytes)
Event: 0.195 Thread 0x0000015b801d2f40 nmethod 81 0x0000015be5fe5690 code [0x0000015be5fe5820, 0x0000015be5fe58f8]
Event: 0.198 Thread 0x0000015b801d2f40   83       3       java.lang.AbstractStringBuilder::isLatin1 (19 bytes)
Event: 0.198 Thread 0x0000015b801d2f40 nmethod 83 0x0000015bdeac7410 code [0x0000015bdeac75a0, 0x0000015bdeac7718]
Event: 0.199 Thread 0x0000015b801d1640   84       4       java.lang.StringLatin1::hashCode (42 bytes)

GC Heap History (0 events):
No events

Deoptimization events (0 events):
No events

Classes loaded (20 events):
Event: 0.196 Loading class java/lang/invoke/MethodHandleImpl$IntrinsicMethodHandle done
Event: 0.196 Loading class java/lang/invoke/DelegatingMethodHandle$Holder
Event: 0.197 Loading class java/lang/invoke/DelegatingMethodHandle$Holder done
Event: 0.197 Loading class sun/invoke/util/Wrapper$1
Event: 0.197 Loading class sun/invoke/util/Wrapper$1 done
Event: 0.197 Loading class java/lang/invoke/LambdaFormEditor
Event: 0.197 Loading class java/lang/invoke/LambdaFormEditor done
Event: 0.197 Loading class java/lang/invoke/LambdaFormEditor$TransformKey
Event: 0.198 Loading class java/lang/invoke/LambdaFormEditor$TransformKey done
Event: 0.198 Loading class java/lang/invoke/LambdaFormBuffer
Event: 0.198 Loading class java/lang/invoke/LambdaFormBuffer done
Event: 0.198 Loading class java/lang/invoke/LambdaFormEditor$Transform
Event: 0.198 Loading class java/lang/invoke/LambdaFormEditor$Transform done
Event: 0.198 Loading class jdk/internal/org/objectweb/asm/Frame
Event: 0.199 Loading class jdk/internal/org/objectweb/asm/Frame done
Event: 0.199 Loading class java/lang/invoke/InvokerBytecodeGenerator$ClassData
Event: 0.199 Loading class java/lang/invoke/InvokerBytecodeGenerator$ClassData done
Event: 0.199 Loading class java/util/ArrayList$Itr
Event: 0.199 Loading class java/util/ArrayList$Itr done
Event: 0.199 Loading class jdk/internal/org/objectweb/asm/FieldWriter

Classes unloaded (0 events):
No events

Classes redefined (0 events):
No events

Internal exceptions (0 events):
No events

VM Operations (0 events):
No events

Events (14 events):
Event: 0.009 Loaded shared library C:\Program Files\Java\jdk-18.0.1.1\bin\java.dll
Event: 0.063 Loaded shared library C:\Program Files\Java\jdk-18.0.1.1\bin\jsvml.dll
Event: 0.063 Thread 0x0000015bd6bcfac0 Thread added: 0x0000015bd6bcfac0
Event: 0.073 Thread 0x0000015b80189000 Thread added: 0x0000015b80189000
Event: 0.074 Thread 0x0000015b8018c170 Thread added: 0x0000015b8018c170
Event: 0.110 Thread 0x0000015b801f2550 Thread added: 0x0000015b801f2550
Event: 0.110 Thread 0x0000015b801f3f00 Thread added: 0x0000015b801f3f00
Event: 0.110 Thread 0x0000015b801f48a0 Thread added: 0x0000015b801f48a0
Event: 0.110 Thread 0x0000015b801a7c10 Thread added: 0x0000015b801a7c10
Event: 0.110 Thread 0x0000015b801d1640 Thread added: 0x0000015b801d1640
Event: 0.110 Thread 0x0000015b801d2f40 Thread added: 0x0000015b801d2f40
Event: 0.110 Thread 0x0000015b801fcf80 Thread added: 0x0000015b801fcf80
Event: 0.155 Thread 0x0000015b84561ec0 Thread added: 0x0000015b84561ec0
Event: 0.163 Thread 0x0000015b84590660 Thread added: 0x0000015b84590660


Dynamic libraries:
0x00007ff616e80000 - 0x00007ff616e90000 	C:\Program Files\Java\jdk-18.0.1.1\bin\javaw.exe
0x00007ffabbd70000 - 0x00007ffabbf68000 	C:\windows\SYSTEM32\ntdll.dll
0x00007ffabbb60000 - 0x00007ffabbc1f000 	C:\windows\System32\KERNEL32.DLL
0x00007ffab9790000 - 0x00007ffab9a62000 	C:\windows\System32\KERNELBASE.dll
0x00007ffab94e0000 - 0x00007ffab95e0000 	C:\windows\System32\ucrtbase.dll
0x00007ffaab330000 - 0x00007ffaab34a000 	C:\Program Files\Java\jdk-18.0.1.1\bin\VCRUNTIME140.dll
0x00007ffaab2a0000 - 0x00007ffaab2b8000 	C:\Program Files\Java\jdk-18.0.1.1\bin\jli.dll
0x00007ffabb530000 - 0x00007ffabb5de000 	C:\windows\System32\ADVAPI32.dll
0x00007ffabb0e0000 - 0x00007ffabb17e000 	C:\windows\System32\msvcrt.dll
0x00007ffaba480000 - 0x00007ffaba51c000 	C:\windows\System32\sechost.dll
0x00007ffaba120000 - 0x00007ffaba244000 	C:\windows\System32\RPCRT4.dll
0x00007ffabb9b0000 - 0x00007ffabbb51000 	C:\windows\System32\USER32.dll
0x00007ffab9b10000 - 0x00007ffab9b32000 	C:\windows\System32\win32u.dll
0x00007ffa9edb0000 - 0x00007ffa9f04a000 	C:\windows\WinSxS\amd64_microsoft.windows.common-controls_6595b64144ccf1df_6.0.19041.1110_none_60b5254171f9507e\COMCTL32.dll
0x00007ffabb480000 - 0x00007ffabb4ab000 	C:\windows\System32\GDI32.dll
0x00007ffab9cb0000 - 0x00007ffab9dbf000 	C:\windows\System32\gdi32full.dll
0x00007ffab9a70000 - 0x00007ffab9b0d000 	C:\windows\System32\msvcp_win.dll
0x00007ffab3570000 - 0x00007ffab357a000 	C:\windows\SYSTEM32\VERSION.dll
0x00007ffabbc20000 - 0x00007ffabbc50000 	C:\windows\System32\IMM32.DLL
0x00007ffab4d40000 - 0x00007ffab4d4c000 	C:\Program Files\Java\jdk-18.0.1.1\bin\vcruntime140_1.dll
0x00007ffa9d140000 - 0x00007ffa9d1cd000 	C:\Program Files\Java\jdk-18.0.1.1\bin\msvcp140.dll
0x00007ffa6df90000 - 0x00007ffa6eba0000 	C:\Program Files\Java\jdk-18.0.1.1\bin\server\jvm.dll
0x00007ffaba470000 - 0x00007ffaba478000 	C:\windows\System32\PSAPI.DLL
0x00007ffab4fd0000 - 0x00007ffab4fd9000 	C:\windows\SYSTEM32\WSOCK32.dll
0x00007ffaa5eb0000 - 0x00007ffaa5ed7000 	C:\windows\SYSTEM32\WINMM.dll
0x00007ffabb810000 - 0x00007ffabb87b000 	C:\windows\System32\WS2_32.dll
0x00007ffab7250000 - 0x00007ffab7262000 	C:\windows\SYSTEM32\kernel.appcore.dll
0x00007ffab3470000 - 0x00007ffab347a000 	C:\Program Files\Java\jdk-18.0.1.1\bin\jimage.dll
0x00007ffaab750000 - 0x00007ffaab934000 	C:\windows\SYSTEM32\DBGHELP.DLL
0x00007ffaab710000 - 0x00007ffaab745000 	C:\windows\SYSTEM32\dbgcore.DLL
0x00007ffab9c20000 - 0x00007ffab9ca2000 	C:\windows\System32\bcryptPrimitives.dll
0x00007ffa9d6b0000 - 0x00007ffa9d6d5000 	C:\Program Files\Java\jdk-18.0.1.1\bin\java.dll
0x00007ffa9d310000 - 0x00007ffa9d3e6000 	C:\Program Files\Java\jdk-18.0.1.1\bin\jsvml.dll
0x00007ffaba520000 - 0x00007ffabac65000 	C:\windows\System32\SHELL32.dll
0x00007ffab7530000 - 0x00007ffab7cc2000 	C:\windows\SYSTEM32\windows.storage.dll
0x00007ffab9dc0000 - 0x00007ffaba115000 	C:\windows\System32\combase.dll
0x00007ffab8df0000 - 0x00007ffab8e20000 	C:\windows\SYSTEM32\Wldp.dll
0x00007ffabb700000 - 0x00007ffabb7ad000 	C:\windows\System32\SHCORE.dll
0x00007ffabb3c0000 - 0x00007ffabb415000 	C:\windows\System32\shlwapi.dll
0x00007ffab93b0000 - 0x00007ffab93cf000 	C:\windows\SYSTEM32\profapi.dll

dbghelp: loaded successfully - version: 4.0.5 - missing functions: none
symbol engine: initialized successfully - sym options: 0x614 - pdb path: .;C:\Program Files\Java\jdk-18.0.1.1\bin;C:\windows\SYSTEM32;C:\windows\WinSxS\amd64_microsoft.windows.common-controls_6595b64144ccf1df_6.0.19041.1110_none_60b5254171f9507e;C:\Program Files\Java\jdk-18.0.1.1\bin\server

VM Arguments:
jvm_args: -Dfile.encoding=windows-1252 -XX:+ShowCodeDetailsInExceptionMessages 
java_command: BattleTest
java_class_path (initial): C:\Users\thiag\eclipse-workspace\RPG_Simulator
Launcher Type: SUN_STANDARD

[Global flags]
     intx CICompilerCount                          = 4                                         {product} {ergonomic}
     uint ConcGCThreads                            = 2                                         {product} {ergonomic}
     uint G1ConcRefinementThreads                  = 8                                         {product} {ergonomic}
   size_t G1HeapRegionSize                         = 1048576                                   {product} {ergonomic}
    uintx GCDrainStackTargetSize                   = 64                                        {product} {ergonomic}
   size_t InitialHeapSize                          = 100663296                                 {product} {ergonomic}
   size_t MarkStackSize                            = 4194304                                   {product} {ergonomic}
   size_t MaxHeapSize                              = 1589641216                                {product} {ergonomic}
   size_t MaxNewSize                               = 953155584                                 {product} {ergonomic}
   size_t MinHeapDeltaBytes                        = 1048576                                   {product} {ergonomic}
   size_t MinHeapSize                              = 8388608                                   {product} {ergonomic}
    uintx NonNMethodCodeHeapSize                   = 5839372                                {pd product} {ergonomic}
    uintx NonProfiledCodeHeapSize                  = 122909434                              {pd product} {ergonomic}
    uintx ProfiledCodeHeapSize                     = 122909434                              {pd product} {ergonomic}
    uintx ReservedCodeCacheSize                    = 251658240                              {pd product} {ergonomic}
     bool SegmentedCodeCache                       = true                                      {product} {ergonomic}
     bool ShowCodeDetailsInExceptionMessages       = true                                   {manageable} {command line}
   size_t SoftMaxHeapSize                          = 1589641216                             {manageable} {ergonomic}
     bool UseCompressedClassPointers               = true                           {product lp64_product} {ergonomic}
     bool UseCompressedOops                        = true                           {product lp64_product} {ergonomic}
     bool UseG1GC                                  = true                                      {product} {ergonomic}
     bool UseLargePagesIndividualAllocation        = false                                  {pd product} {ergonomic}

Logging:
Log output configuration:
 #0: stdout all=warning uptime,level,tags foldmultilines=false
 #1: stderr all=off uptime,level,tags foldmultilines=false

Environment Variables:
JAVA_HOME=C:\Program Files\Java\jdk-18.0.1.1
PATH=C:/Program Files/Java/jdk-18.0.1.1/bin/server;C:/Program Files/Java/jdk-18.0.1.1/bin;C:\Program Files\Common Files\Oracle\Java\javapath;C:\Program Files (x86)\Common Files\Oracle\Java\javapath;C:\windows\system32;C:\windows;C:\windows\System32\Wbem;C:\windows\System32\WindowsPowerShell\v1.0\;C:\windows\System32\OpenSSH\;C:\Program Files\dotnet\;C:\Program Files\Java\jdk-18.0.1.1\bin;C:\Users\thiag\AppData\Local\Microsoft\WindowsApps;;C:\Users\thiag\AppData\Local\Programs\Microsoft VS Code\bin;C:\windows\System32;
USERNAME=thiag
OS=Windows_NT
PROCESSOR_IDENTIFIER=AMD64 Family 23 Model 24 Stepping 1, AuthenticAMD



---------------  S Y S T E M  ---------------

OS:
 Windows 10 , 64 bit Build 19041 (10.0.19041.2546)
OS uptime: 4 days 18:26 hours

CPU: total 8 (initial active 8) (8 cores per cpu, 2 threads per core) family 23 model 24 stepping 1 microcode 0x0, cx8, cmov, fxsr, ht, mmx, 3dnowpref, sse, sse2, sse3, ssse3, sse4a, sse4.1, sse4.2, popcnt, lzcnt, tsc, tscinvbit, avx, avx2, aes, clmul, bmi1, bmi2, adx, sha, fma, vzeroupper, clflush, clflushopt

Memory: 4k page, system-wide physical 6058M (233M free)
TotalPageFile size 24490M (AvailPageFile size 1M)
current process WorkingSet (physical memory assigned to process): 27M, peak: 27M
current process commit charge ("private bytes"): 170M, peak: 171M

vm_info: Java HotSpot(TM) 64-Bit Server VM (18.0.1.1+2-6) for windows-amd64 JRE (18.0.1.1+2-6), built on Apr 25 2022 21:53:15 by "mach5one" with MS VC++ 16.8 / 16.9 (VS2019)

END.
